0 info it worked if it ends with ok
1 verbose cli [ 'C:\\Program Files\\nodejs\\\\node.exe',
1 verbose cli   'C:\\Program Files\\nodejs\\node_modules\\npm\\bin\\npm-cli.js',
1 verbose cli   'install',
1 verbose cli   'ngModal' ]
2 info using npm@1.4.9
3 info using node@v0.10.28
4 verbose node symlink C:\Program Files\nodejs\\node.exe
5 warn package.json backbone-browserify-lodash@0.9.2-1 No repository field.
6 verbose readDependencies using package.json deps
7 verbose cache add [ 'ngModal', null ]
8 verbose cache add name=undefined spec="ngModal" args=["ngModal",null]
9 verbose parsed url { protocol: null,
9 verbose parsed url   slashes: null,
9 verbose parsed url   auth: null,
9 verbose parsed url   host: null,
9 verbose parsed url   port: null,
9 verbose parsed url   hostname: null,
9 verbose parsed url   hash: null,
9 verbose parsed url   search: null,
9 verbose parsed url   query: null,
9 verbose parsed url   pathname: 'ngModal',
9 verbose parsed url   path: 'ngModal',
9 verbose parsed url   href: 'ngModal' }
10 silly lockFile 852e4c42-ngModal ngModal
11 verbose lock ngModal C:\Users\Eric\AppData\Roaming\npm-cache\852e4c42-ngModal.lock
12 silly lockFile 852e4c42-ngModal ngModal
13 silly lockFile 852e4c42-ngModal ngModal
14 verbose addNamed [ 'ngModal', '' ]
15 verbose addNamed [ null, '*' ]
16 silly lockFile 9365dc8e-ngModal ngModal@
17 verbose lock ngModal@ C:\Users\Eric\AppData\Roaming\npm-cache\9365dc8e-ngModal.lock
18 silly addNameRange { name: 'ngModal', range: '*', hasData: false }
19 verbose url raw ngModal
20 verbose url resolving [ 'https://registry.npmjs.org/', './ngModal' ]
21 verbose url resolved https://registry.npmjs.org/ngModal
22 info trying registry request attempt 1 at 17:12:34
23 http GET https://registry.npmjs.org/ngModal
24 http 404 https://registry.npmjs.org/ngModal
25 verbose headers { date: 'Wed, 30 Jul 2014 15:12:35 GMT',
25 verbose headers   server: 'CouchDB/1.5.0 (Erlang OTP/R16B03)',
25 verbose headers   'content-type': 'application/json',
25 verbose headers   'cache-control': 'max-age=0',
25 verbose headers   'content-length': '52',
25 verbose headers   'accept-ranges': 'bytes',
25 verbose headers   via: '1.1 varnish',
25 verbose headers   age: '0',
25 verbose headers   'x-served-by': 'cache-ams4135-AMS',
25 verbose headers   'x-cache': 'MISS',
25 verbose headers   'x-cache-hits': '0',
25 verbose headers   'x-timer': 'S1406733155.563415,VS0,VE389',
25 verbose headers   'keep-alive': 'timeout=10, max=50',
25 verbose headers   connection: 'Keep-Alive' }
26 silly registry.get cb [ 404,
26 silly registry.get   { date: 'Wed, 30 Jul 2014 15:12:35 GMT',
26 silly registry.get     server: 'CouchDB/1.5.0 (Erlang OTP/R16B03)',
26 silly registry.get     'content-type': 'application/json',
26 silly registry.get     'cache-control': 'max-age=0',
26 silly registry.get     'content-length': '52',
26 silly registry.get     'accept-ranges': 'bytes',
26 silly registry.get     via: '1.1 varnish',
26 silly registry.get     age: '0',
26 silly registry.get     'x-served-by': 'cache-ams4135-AMS',
26 silly registry.get     'x-cache': 'MISS',
26 silly registry.get     'x-cache-hits': '0',
26 silly registry.get     'x-timer': 'S1406733155.563415,VS0,VE389',
26 silly registry.get     'keep-alive': 'timeout=10, max=50',
26 silly registry.get     connection: 'Keep-Alive' } ]
27 silly lockFile 9365dc8e-ngModal ngModal@
28 silly lockFile 9365dc8e-ngModal ngModal@
29 error 404 404 Not Found: ngModal
29 error 404
29 error 404 'ngModal' is not in the npm registry.
29 error 404 You should bug the author to publish it
29 error 404 It was specified as a dependency of 'boilerplate'
29 error 404
29 error 404 Note that you can also install from a
29 error 404 tarball, folder, or http url, or git url.
30 error System Windows_NT 6.1.7600
31 error command "C:\\Program Files\\nodejs\\\\node.exe" "C:\\Program Files\\nodejs\\node_modules\\npm\\bin\\npm-cli.js" "install" "ngModal"
32 error cwd C:\Users\Eric\Desktop\projects\horserace
33 error node -v v0.10.28
34 error npm -v 1.4.9
35 error code E404
36 verbose exit [ 1, true ]
